<?xml version="1.0" encoding="UTF-8"?>
<testsuite xmlns:xsi="http://www.w3.org/2001/XMLSchema-instance" xsi:noNamespaceSchemaLocation="https://maven.apache.org/surefire/maven-surefire-plugin/xsd/surefire-test-report-3.0.xsd" version="3.0" name="com.drs.drs_enhanced.UserServiceJUnitTest" time="2.283" tests="6" errors="0" skipped="0" failures="0">
  <properties>
[...]
</properties>
  <testcase name="testCreateUser_success" classname="com.drs.drs_enhanced.UserServiceJUnitTest" time="2.177">
    <system-out><![CDATA[[EL Info]: 2025-06-17 16:14:53.863--ServerSession(1731763384)--EclipseLink, version: Eclipse Persistence Services - 4.0.5.v202412231137-a96b873527f305f932543045c8679bb1de8d3a43
]]></system-out>
  </testcase>
  <testcase name="testCreateUser_duplicateEmail" classname="com.drs.drs_enhanced.UserServiceJUnitTest" time="0.021"/>
  <testcase name="testLogin_success" classname="com.drs.drs_enhanced.UserServiceJUnitTest" time="0.012"/>
  <testcase name="testLogin_invalidPassword" classname="com.drs.drs_enhanced.UserServiceJUnitTest" time="0.007">
    <system-out><![CDATA[Login failed: Invalid credentials.
]]></system-out>
  </testcase>
  <testcase name="testLogin_invalidEmail" classname="com.drs.drs_enhanced.UserServiceJUnitTest" time="0.004">
    <system-out><![CDATA[Login failed: Invalid credentials.
]]></system-out>
  </testcase>
  <testcase name="testGetOrCreateResponder_createsIfMissing" classname="com.drs.drs_enhanced.UserServiceJUnitTest" time="0.011"/>
</testsuite>