<?xml version="1.0" encoding="UTF-8"?>
<testsuite xmlns:xsi="http://www.w3.org/2001/XMLSchema-instance" xsi:noNamespaceSchemaLocation="https://maven.apache.org/surefire/maven-surefire-plugin/xsd/surefire-test-report-3.0.xsd" version="3.0" name="com.drs.drs_enhanced.ServiceJUnitTest" time="3.913" tests="35" errors="0" skipped="0" failures="0">
  <properties>
[...]
</properties>
  <testcase name="testCreateUser_success" classname="com.drs.drs_enhanced.ServiceJUnitTest" time="3.253">
    <system-out><![CDATA[[EL Info]: 2025-06-17 17:53:45.198--ServerSession(488600086)--EclipseLink, version: Eclipse Persistence Services - 4.0.5.v202412231137-a96b873527f305f932543045c8679bb1de8d3a43
]]></system-out>
  </testcase>
  <testcase name="testCreateUser_duplicateEmail" classname="com.drs.drs_enhanced.ServiceJUnitTest" time="0.026"/>
  <testcase name="testLoginSuccess" classname="com.drs.drs_enhanced.ServiceJUnitTest" time="0.016"/>
  <testcase name="testLoginFailure_invalidEmail" classname="com.drs.drs_enhanced.ServiceJUnitTest" time="0.016">
    <system-out><![CDATA[Login failed: Invalid credentials.
]]></system-out>
  </testcase>
  <testcase name="testLoginFailure_invalidPassword" classname="com.drs.drs_enhanced.ServiceJUnitTest" time="0.006">
    <system-out><![CDATA[Login failed: Invalid credentials.
]]></system-out>
  </testcase>
  <testcase name="testCreateDepartment_success" classname="com.drs.drs_enhanced.ServiceJUnitTest" time="0.028"/>
  <testcase name="testCreateDepartment_duplicateEmail" classname="com.drs.drs_enhanced.ServiceJUnitTest" time="0.013"/>
  <testcase name="testGetAllDepartments" classname="com.drs.drs_enhanced.ServiceJUnitTest" time="0.035"/>
  <testcase name="testCreateSupply_success" classname="com.drs.drs_enhanced.ServiceJUnitTest" time="0.016"/>
  <testcase name="testCreateSupply_duplicateName" classname="com.drs.drs_enhanced.ServiceJUnitTest" time="0.09">
    <system-out><![CDATA[[EL Warning]: 2025-06-17 17:53:47.326--UnitOfWork(939625314)--Exception [EclipseLink-4002] (Eclipse Persistence Services - 4.0.5.v202412231137-a96b873527f305f932543045c8679bb1de8d3a43): org.eclipse.persistence.exceptions.DatabaseException
Internal Exception: java.sql.SQLIntegrityConstraintViolationException: Duplicate entry 'Medical Kit' for key 'supplies.NAME'
Error Code: 1062
Call: INSERT INTO supplies (NAME) VALUES (?)
	bind => [1 parameter bound]
Query: InsertObjectQuery(Medical Kit)
Error: Exception [EclipseLink-4002] (Eclipse Persistence Services - 4.0.5.v202412231137-a96b873527f305f932543045c8679bb1de8d3a43): org.eclipse.persistence.exceptions.DatabaseException
Internal Exception: java.sql.SQLIntegrityConstraintViolationException: Duplicate entry 'Medical Kit' for key 'supplies.NAME'
Error Code: 1062
Call: INSERT INTO supplies (NAME) VALUES (?)
	bind => [1 parameter bound]
Query: InsertObjectQuery(Medical Kit)
]]></system-out>
  </testcase>
  <testcase name="testGetAllSupplies" classname="com.drs.drs_enhanced.ServiceJUnitTest" time="0.008"/>
  <testcase name="testAssignSupplyToDepartment_success" classname="com.drs.drs_enhanced.ServiceJUnitTest" time="0.034">
    <system-out><![CDATA[Supplies Count : 0
]]></system-out>
  </testcase>
  <testcase name="testAssignSupplyToDepartment_invalid" classname="com.drs.drs_enhanced.ServiceJUnitTest" time="0.008"/>
  <testcase name="testAssignSupplyToDepartment_existing" classname="com.drs.drs_enhanced.ServiceJUnitTest" time="0.005">
    <system-out><![CDATA[Supplies Count : 1
]]></system-out>
  </testcase>
  <testcase name="testGetSuppliesForDepartment" classname="com.drs.drs_enhanced.ServiceJUnitTest" time="0.006"/>
  <testcase name="testGetSuppliesForDepartment_invalid" classname="com.drs.drs_enhanced.ServiceJUnitTest" time="0.007"/>
  <testcase name="testCreateIncident" classname="com.drs.drs_enhanced.ServiceJUnitTest" time="0.031"/>
  <testcase name="testGetUnassignedIncidents" classname="com.drs.drs_enhanced.ServiceJUnitTest" time="0.011"/>
  <testcase name="testAssignTeamToIncident_success" classname="com.drs.drs_enhanced.ServiceJUnitTest" time="0.02"/>
  <testcase name="testAssignTeamToIncident_invalid" classname="com.drs.drs_enhanced.ServiceJUnitTest" time="0.006"/>
  <testcase name="testGetIncidentsForDepartment" classname="com.drs.drs_enhanced.ServiceJUnitTest" time="0.008"/>
  <testcase name="testGetIncidentsForDepartment_invalid" classname="com.drs.drs_enhanced.ServiceJUnitTest" time="0.005"/>
  <testcase name="testMarkIncidentComplete" classname="com.drs.drs_enhanced.ServiceJUnitTest" time="0.015"/>
  <testcase name="testMarkIncidentComplete_invalid" classname="com.drs.drs_enhanced.ServiceJUnitTest" time="0.005"/>
  <testcase name="testCreateAlert" classname="com.drs.drs_enhanced.ServiceJUnitTest" time="0.022"/>
  <testcase name="testGetAllAlertByRegion_exists" classname="com.drs.drs_enhanced.ServiceJUnitTest" time="0.006"/>
  <testcase name="testGetAllAlertByRegion_notExists" classname="com.drs.drs_enhanced.ServiceJUnitTest" time="0.005"/>
  <testcase name="testGetAllAlerts" classname="com.drs.drs_enhanced.ServiceJUnitTest" time="0.004"/>
  <testcase name="testDeleteAlert" classname="com.drs.drs_enhanced.ServiceJUnitTest" time="0.014"/>
  <testcase name="testDeleteAlert_invalid" classname="com.drs.drs_enhanced.ServiceJUnitTest" time="0.004"/>
  <testcase name="testCreateNotification" classname="com.drs.drs_enhanced.ServiceJUnitTest" time="0.022"/>
  <testcase name="testGetAllNotifications" classname="com.drs.drs_enhanced.ServiceJUnitTest" time="0.005"/>
  <testcase name="testCreateShelter" classname="com.drs.drs_enhanced.ServiceJUnitTest" time="0.018"/>
  <testcase name="testGetAllShelters" classname="com.drs.drs_enhanced.ServiceJUnitTest" time="0.005"/>
  <testcase name="testGetAllShelters_invalidRegion" classname="com.drs.drs_enhanced.ServiceJUnitTest" time="0.005"/>
</testsuite>